<?xml version="1.0" encoding="UTF-8"?>
<testng-results skipped="0" failed="0" ignored="0" total="1" passed="1">
  <reporter-output>
  </reporter-output>
  <suite name="Amazon" duration-ms="25302" started-at="2017-10-01T07:01:09Z" finished-at="2017-10-01T07:01:34Z">
    <groups>
    </groups>
    <test name="Amazon features" duration-ms="25302" started-at="2017-10-01T07:01:09Z" finished-at="2017-10-01T07:01:34Z">
      <class name="testcases.TestSearchField">
        <test-method status="PASS" signature="setUp(boolean, java.lang.String, java.lang.String, java.lang.String, java.lang.String, java.lang.String, java.lang.String)[pri:0, instance:testcases.TestSearchField@54a097cc]" name="setUp" is-config="true" duration-ms="8327" started-at="2017-10-01T13:01:09Z" finished-at="2017-10-01T13:01:17Z">
          <params>
            <param index="0">
              <value>
                <![CDATA[false]]>
              </value>
            </param>
            <param index="1">
              <value>
                <![CDATA[browserstack]]>
              </value>
            </param>
            <param index="2">
              <value>
                <![CDATA[win]]>
              </value>
            </param>
            <param index="3">
              <value>
                <![CDATA[10]]>
              </value>
            </param>
            <param index="4">
              <value>
                <![CDATA[chrome]]>
              </value>
            </param>
            <param index="5">
              <value>
                <![CDATA[53.0]]>
              </value>
            </param>
            <param index="6">
              <value>
                <![CDATA[https://www.amazon.com/]]>
              </value>
            </param>
          </params>
          <reporter-output>
          </reporter-output>
        </test-method> <!-- setUp -->
        <test-method status="PASS" signature="testSearchBox()[pri:0, instance:testcases.TestSearchField@54a097cc]" name="testSearchBox" duration-ms="14827" started-at="2017-10-01T13:01:17Z" finished-at="2017-10-01T13:01:32Z">
          <reporter-output>
          </reporter-output>
        </test-method> <!-- testSearchBox -->
        <test-method status="PASS" signature="tearDown()[pri:0, instance:testcases.TestSearchField@54a097cc]" name="tearDown" is-config="true" duration-ms="2120" started-at="2017-10-01T13:01:32Z" finished-at="2017-10-01T13:01:34Z">
          <reporter-output>
          </reporter-output>
        </test-method> <!-- tearDown -->
      </class> <!-- testcases.TestSearchField -->
    </test> <!-- Amazon features -->
  </suite> <!-- Amazon -->
</testng-results>
