<?xml version="1.0" encoding="UTF-8"?>
<testng-results skipped="0" failed="0" ignored="0" total="1" passed="1">
  <reporter-output>
  </reporter-output>
  <suite name="Facebook" duration-ms="8745" started-at="2017-10-01T04:54:12Z" finished-at="2017-10-01T04:54:21Z">
    <groups>
    </groups>
    <test name="Facebook features" duration-ms="8745" started-at="2017-10-01T04:54:12Z" finished-at="2017-10-01T04:54:21Z">
      <class name="testcases.TestHomePage">
        <test-method status="PASS" signature="setUp(boolean, java.lang.String, java.lang.String, java.lang.String, java.lang.String, java.lang.String, java.lang.String)[pri:0, instance:testcases.TestHomePage@54a097cc]" name="setUp" is-config="true" duration-ms="5219" started-at="2017-10-01T10:54:12Z" finished-at="2017-10-01T10:54:17Z">
          <params>
            <param index="0">
              <value>
                <![CDATA[false]]>
              </value>
            </param>
            <param index="1">
              <value>
                <![CDATA[browserstack]]>
              </value>
            </param>
            <param index="2">
              <value>
                <![CDATA[win]]>
              </value>
            </param>
            <param index="3">
              <value>
                <![CDATA[10]]>
              </value>
            </param>
            <param index="4">
              <value>
                <![CDATA[chrome]]>
              </value>
            </param>
            <param index="5">
              <value>
                <![CDATA[53.0]]>
              </value>
            </param>
            <param index="6">
              <value>
                <![CDATA[https://www.facebook.com/]]>
              </value>
            </param>
          </params>
          <reporter-output>
          </reporter-output>
        </test-method> <!-- setUp -->
        <test-method status="PASS" signature="testValidLoginFB()[pri:0, instance:testcases.TestHomePage@54a097cc]" name="testValidLoginFB" duration-ms="3184" started-at="2017-10-01T10:54:17Z" finished-at="2017-10-01T10:54:20Z">
          <reporter-output>
          </reporter-output>
        </test-method> <!-- testValidLoginFB -->
        <test-method status="PASS" signature="tearDown()[pri:0, instance:testcases.TestHomePage@54a097cc]" name="tearDown" is-config="true" duration-ms="324" started-at="2017-10-01T10:54:20Z" finished-at="2017-10-01T10:54:21Z">
          <reporter-output>
          </reporter-output>
        </test-method> <!-- tearDown -->
      </class> <!-- testcases.TestHomePage -->
    </test> <!-- Facebook features -->
  </suite> <!-- Facebook -->
</testng-results>
