<?xml version="1.0" encoding="UTF-8"?>
<!-- Generated by org.testng.reporters.JUnitXMLReporter -->
<testsuite hostname="DESKTOP-23BH7B3" ignored="0" name="Command line test" tests="3" failures="0" timestamp="01 Oct 2017 04:25:20 GMT" time="0.038" errors="0">
  <testcase name="@BeforeMethod setUp" time="0.0" classname="base.CommonAPI">
    <failure type="org.testng.TestNGException" message="
Parameter &amp;apos;useCloudEnv&amp;apos; is required by BeforeMethod on method setUp but has not been marked @Optional or defined
">
      <![CDATA[org.testng.TestNGException: 
Parameter 'useCloudEnv' is required by BeforeMethod on method setUp but has not been marked @Optional or defined

... Removed 34 stack frames]]>
    </failure>
  </testcase> <!-- @BeforeMethod setUp -->
  <testcase name="@BeforeMethod setUp" time="0.0" classname="base.CommonAPI">
    <skipped/>
  </testcase> <!-- @BeforeMethod setUp -->
  <testcase name="@BeforeMethod setUp" time="0.0" classname="base.CommonAPI">
    <skipped/>
  </testcase> <!-- @BeforeMethod setUp -->
  <testcase name="testValidLoginFB" time="0.0" classname="testcases.TestHomePage">
    <skipped/>
  </testcase> <!-- testValidLoginFB -->
  <testcase name="testLoginFB" time="0.0" classname="testcases.TestLogin">
    <skipped/>
  </testcase> <!-- testLoginFB -->
  <testcase name="testSignUpPage" time="0.0" classname="testcases.TestSignUpPage">
    <skipped/>
  </testcase> <!-- testSignUpPage -->
</testsuite> <!-- Command line test -->
